<?xml version="1.0" encoding="UTF-8"?>
<!-- Generated by org.testng.reporters.JUnitXMLReporter -->
<testsuite hostname="NL03110" name="Surefire test" tests="1" failures="1" timestamp="7 Jul 2019 13:15:09 GMT" time="55.366" errors="0">
  <testcase name="feature" time="54.195" classname="com.lat.test.RunBolWebGuiSuite">
    <failure type="cucumber.runtime.CucumberException" message="java.lang.AssertionError: expected [20,95] but found [40,95]">
      <![CDATA[cucumber.runtime.CucumberException: java.lang.AssertionError: expected [20,95] but found [40,95]
	at cucumber.api.testng.TestNGCucumberRunner.runCucumber(TestNGCucumberRunner.java:69)
	at cucumber.api.testng.AbstractTestNGCucumberTests.feature(AbstractTestNGCucumberTests.java:21)
Caused by: java.lang.AssertionError: expected [20,95] but found [40,95]
	at com.lat.test.steps.pages.FreeShippingPages.verifyTotalPtoductPrice(FreeShippingPages.java:176)
	at com.lat.test.steps.gui.FreeShippingSteps.user_verify_total_on_cart_page(FreeShippingSteps.java:73)
	at âœ½.And User verify total "shipping.charge.order.product-price-1" on cart page(freeShipping.feature:12)
... Removed 34 stack frames]]>
    </failure>
  </testcase> <!-- feature -->
</testsuite> <!-- Surefire test -->
